<?xml version="1.0" encoding="UTF-8"?>
<!-- Generated by org.testng.reporters.JUnitReportReporter -->
<testsuite hostname="GD66T92QCP.local" failures="0" tests="1" name="CreateAddress.NewAdddress" time="8.011" errors="0" timestamp="2024-04-11T16:21:22 IST" skipped="0">
  <testcase classname="CreateAddress.NewAdddress" name="testApi" time="8.011"/>
  <system-out/>
</testsuite> <!-- CreateAddress.NewAdddress -->
